Using pre-set license
Built from '2022.3/staging' branch; Version is '2022.3.10f1 (ff3792e53c62) revision 16725906'; Using compiler version '192829333'; Build Type 'Release'
OS: 'Windows 11  (10.0.22621) 64bit Core' Language: 'pt' Physical Memory: 16236 MB
BatchMode: 1, IsHumanControllingUs: 0, StartBugReporterOnCrash: 0, Is64bit: 1, IsPro: 1

COMMAND LINE ARGUMENTS:
C:\Program Files\Unity\Hub\Editor\2022.3.10f1\Editor\Unity.exe
-adb2
-batchMode
-noUpm
-name
AssetImportWorker0
-projectPath
C:/Users/jcarl/dolly track
-logFile
Logs/AssetImportWorker0.log
-srvPort
65447
Successfully changed project path to: C:/Users/jcarl/dolly track
C:/Users/jcarl/dolly track
[UnityMemory] Configuration Parameters - Can be set up in boot.config
    "memorysetup-bucket-allocator-granularity=16"
    "memorysetup-bucket-allocator-bucket-count=8"
    "memorysetup-bucket-allocator-block-size=33554432"
    "memorysetup-bucket-allocator-block-count=8"
    "memorysetup-main-allocator-block-size=16777216"
    "memorysetup-thread-allocator-block-size=16777216"
    "memorysetup-gfx-main-allocator-block-size=16777216"
    "memorysetup-gfx-thread-allocator-block-size=16777216"
    "memorysetup-cache-allocator-block-size=4194304"
    "memorysetup-typetree-allocator-block-size=2097152"
    "memorysetup-profiler-bucket-allocator-granularity=16"
    "memorysetup-profiler-bucket-allocator-bucket-count=8"
    "memorysetup-profiler-bucket-allocator-block-size=33554432"
    "memorysetup-profiler-bucket-allocator-block-count=8"
    "memorysetup-profiler-allocator-block-size=16777216"
    "memorysetup-profiler-editor-allocator-block-size=1048576"
    "memorysetup-temp-allocator-size-main=16777216"
    "memorysetup-job-temp-allocator-block-size=2097152"
    "memorysetup-job-temp-allocator-block-size-background=1048576"
    "memorysetup-job-temp-allocator-reduction-small-platforms=262144"
    "memorysetup-allocator-temp-initial-block-size-main=262144"
    "memorysetup-allocator-temp-initial-block-size-worker=262144"
    "memorysetup-temp-allocator-size-background-worker=32768"
    "memorysetup-temp-allocator-size-job-worker=262144"
    "memorysetup-temp-allocator-size-preload-manager=33554432"
    "memorysetup-temp-allocator-size-nav-mesh-worker=65536"
    "memorysetup-temp-allocator-size-audio-worker=65536"
    "memorysetup-temp-allocator-size-cloud-worker=32768"
    "memorysetup-temp-allocator-size-gi-baking-worker=262144"
    "memorysetup-temp-allocator-size-gfx=262144"
Player connection [63012] Host "[IP] 192.168.1.74 [Port] 0 [Flags] 2 [Guid] 3850277208 [EditorId] 3850277208 [Version] 1048832 [Id] WindowsEditor(7,RuskyPC) [Debug] 1 [PackageName] WindowsEditor [ProjectName] Editor" joined multi-casting on [225.0.0.222:54997]...

Player connection [63012] Host "[IP] 192.168.1.74 [Port] 0 [Flags] 2 [Guid] 3850277208 [EditorId] 3850277208 [Version] 1048832 [Id] WindowsEditor(7,RuskyPC) [Debug] 1 [PackageName] WindowsEditor [ProjectName] Editor" joined alternative multi-casting on [225.0.0.222:34997]...

[Physics::Module] Initialized MultithreadedJobDispatcher with 15 workers.
Refreshing native plugins compatible for Editor in 39.85 ms, found 3 plugins.
Preloading 0 native plugins for Editor in 0.00 ms.
Initialize engine version: 2022.3.10f1 (ff3792e53c62)
[Subsystems] Discovering subsystems at path C:/Program Files/Unity/Hub/Editor/2022.3.10f1/Editor/Data/Resources/UnitySubsystems
[Subsystems] Discovering subsystems at path C:/Users/jcarl/dolly track/Assets
GfxDevice: creating device client; threaded=0; jobified=0
Direct3D:
    Version:  Direct3D 11.0 [level 11.1]
    Renderer: NVIDIA GeForce RTX 3070 Laptop GPU (ID=0x24dd)
    Vendor:   NVIDIA
    VRAM:     8033 MB
    Driver:   31.0.15.3742
Initialize mono
Mono path[0] = 'C:/Program Files/Unity/Hub/Editor/2022.3.10f1/Editor/Data/Managed'
Mono path[1] = 'C:/Program Files/Unity/Hub/Editor/2022.3.10f1/Editor/Data/MonoBleedingEdge/lib/mono/unityjit-win32'
Mono config path = 'C:/Program Files/Unity/Hub/Editor/2022.3.10f1/Editor/Data/MonoBleedingEdge/etc'
Using monoOptions --debugger-agent=transport=dt_socket,embedding=1,server=y,suspend=n,address=127.0.0.1:56244
Begin MonoManager ReloadAssembly
Registering precompiled unity dll's ...
Register platform support module: C:/Program Files/Unity/Hub/Editor/2022.3.10f1/Editor/Data/PlaybackEngines/WindowsStandaloneSupport/UnityEditor.WindowsStandalone.Extensions.dll
Registered in 0.094203 seconds.
- Loaded All Assemblies, in  0.998 seconds
Native extension for WindowsStandalone target not found
Mono: successfully reloaded assembly
- Finished resetting the current domain, in  0.380 seconds
Domain Reload Profiling: 1362ms
	BeginReloadAssembly (404ms)
		ExecutionOrderSort (0ms)
		DisableScriptedObjects (0ms)
		BackupInstance (0ms)
		ReleaseScriptingObjects (0ms)
		CreateAndSetChildDomain (2ms)
	RebuildCommonClasses (63ms)
	RebuildNativeTypeToScriptingClass (14ms)
	initialDomainReloadingComplete (249ms)
	LoadAllAssembliesAndSetupDomain (250ms)
		LoadAssemblies (384ms)
		RebuildTransferFunctionScriptingTraits (0ms)
		AnalyzeDomain (244ms)
			TypeCache.Refresh (240ms)
				TypeCache.ScanAssembly (212ms)
			ScanForSourceGeneratedMonoScriptInfo (1ms)
			ResolveRequiredComponents (1ms)
	FinalizeReload (381ms)
		ReleaseScriptCaches (0ms)
		RebuildScriptCaches (0ms)
		SetupLoadedEditorAssemblies (299ms)
			LogAssemblyErrors (0ms)
			InitializePlatformSupportModulesInManaged (30ms)
			SetLoadedEditorAssemblies (11ms)
			RefreshPlugins (0ms)
			BeforeProcessingInitializeOnLoad (2ms)
			ProcessInitializeOnLoadAttributes (179ms)
			ProcessInitializeOnLoadMethodAttributes (76ms)
			AfterProcessingInitializeOnLoad (0ms)
			EditorAssembliesLoaded (0ms)
		ExecutionOrderSort2 (0ms)
		AwakeInstancesAfterBackupRestoration (0ms)
========================================================================
Worker process is ready to serve import requests
Begin MonoManager ReloadAssembly
- Loaded All Assemblies, in  1.670 seconds
Refreshing native plugins compatible for Editor in 18.69 ms, found 3 plugins.
Native extension for WindowsStandalone target not found
Package Manager log level set to [2]
[Package Manager] Server::EnsureServerProcessIsRunning -- launch failed, reason: Unity was launched with the -noUpm command-line argument
[Package Manager] UpmClient::Send -- Unable to send message (not connected to UPM process).
[Package Manager] Cannot connect to Unity Package Manager local server
Mono: successfully reloaded assembly
- Finished resetting the current domain, in  0.952 seconds
Domain Reload Profiling: 2599ms
	BeginReloadAssembly (367ms)
		ExecutionOrderSort (0ms)
		DisableScriptedObjects (9ms)
		BackupInstance (0ms)
		ReleaseScriptingObjects (0ms)
		CreateAndSetChildDomain (42ms)
	RebuildCommonClasses (66ms)
	RebuildNativeTypeToScriptingClass (12ms)
	initialDomainReloadingComplete (113ms)
	LoadAllAssembliesAndSetupDomain (1089ms)
		LoadAssemblies (1055ms)
		RebuildTransferFunctionScriptingTraits (0ms)
		AnalyzeDomain (283ms)
			TypeCache.Refresh (257ms)
				TypeCache.ScanAssembly (229ms)
			ScanForSourceGeneratedMonoScriptInfo (18ms)
			ResolveRequiredComponents (5ms)
	FinalizeReload (952ms)
		ReleaseScriptCaches (0ms)
		RebuildScriptCaches (0ms)
		SetupLoadedEditorAssemblies (747ms)
			LogAssemblyErrors (0ms)
			InitializePlatformSupportModulesInManaged (31ms)
			SetLoadedEditorAssemblies (5ms)
			RefreshPlugins (0ms)
			BeforeProcessingInitializeOnLoad (175ms)
			ProcessInitializeOnLoadAttributes (460ms)
			ProcessInitializeOnLoadMethodAttributes (23ms)
			AfterProcessingInitializeOnLoad (53ms)
			EditorAssembliesLoaded (0ms)
		ExecutionOrderSort2 (0ms)
		AwakeInstancesAfterBackupRestoration (10ms)
Launched and connected shader compiler UnityShaderCompiler.exe after 0.16 seconds
Refreshing native plugins compatible for Editor in 16.54 ms, found 3 plugins.
Preloading 0 native plugins for Editor in 0.00 ms.
Unloading 3344 Unused Serialized files (Serialized files now loaded: 0)
Unloading 48 unused Assets / (417.6 KB). Loaded Objects now: 3825.
Memory consumption went from 139.1 MB to 138.6 MB.
Total: 6.136400 ms (FindLiveObjects: 0.378100 ms CreateObjectMapping: 0.266300 ms MarkObjects: 5.060400 ms  DeleteObjects: 0.429200 ms)

AssetImportParameters requested are different than current active one (requested -> active):
  custom:container-demuxer-ogg: 62fdf1f143b41e24485cea50d1cbac27 -> 
  custom:video-codec-MediaFoundation-h265: 746d11721c4dcdbdad8f713fa42b33f4 -> 
  custom:video-decoder-ogg-theora: a1e56fd34408186e4bbccfd4996cb3dc -> 
  custom:framework-win-MediaFoundation: 216162199b28c13a410421893ffa2e32 -> 
  custom:CustomObjectIndexerAttribute: 756ad292c208cfabdd7b50bc23989ffe -> 
  custom:container-demuxer-webm: 4f35f7cbe854078d1ac9338744f61a02 -> 
  custom:container-muxer-webm: aa71ff27fc2769a1b78a27578f13a17b -> 
  custom:video-decoder-webm-vp8: 9c59270c3fd7afecdb556c50c9e8de78 -> 
  custom:SearchIndexIgnoredProperties: e643bd26f0fe6173181afceb89e7c659 -> 
  custom:AudioImporter_EditorPlatform: d09bf68614088b80899f8185d706f6e7 -> 
  custom:video-encoder-webm-vp8: eb34c28f22e8b96e1ab97ce403110664 -> 
  custom:audio-decoder-ogg-vorbis: bf7c407c2cedff20999df2af8eb42d56 -> 
  custom:audio-encoder-webm-vorbis: bf7c407c2cedff20999df2af8eb42d56 -> 
  custom:scripting/precompiled-assembly-types:Assembly-CSharp: 3bf6c75fe249a704e4e8d9c6ccae39a4 -> 049251ffcfe2ffca72946528bd826a17
  custom:scripting/monoscript/fileName/path.cs:  -> 33d29088fde12170fe3ad9008aed02a9
========================================================================
Received Import Request.
  Time since last request: 1269603.816041 seconds.
  path: Assets
  artifactKey: Guid(00000000000000001000000000000000) Importer(815301076,1909f56bfc062723c751e8b465ee728b)
Start importing Assets using Guid(00000000000000001000000000000000) Importer(815301076,1909f56bfc062723c751e8b465ee728b)  -> (artifact id: '8a4fe85251aa2e89732c359432baa2c3') in 0.004634 seconds
Number of updated asset objects reloaded before import = 0
Number of asset objects unloaded after import = 0
========================================================================
Received Import Request.
  Time since last request: 14.502700 seconds.
  path: Assets/NewBehaviourScript.cs
  artifactKey: Guid(d1a7b7ce75bf323449bc2efbd9a95129) Importer(815301076,1909f56bfc062723c751e8b465ee728b)
Start importing Assets/NewBehaviourScript.cs using Guid(d1a7b7ce75bf323449bc2efbd9a95129) Importer(815301076,1909f56bfc062723c751e8b465ee728b)  -> (artifact id: '110dd23c6352734a7050b578a3f0b59d') in 0.001379 seconds
Number of updated asset objects reloaded before import = 0
Number of asset objects unloaded after import = 0
========================================================================
Received Import Request.
  Time since last request: 5.887594 seconds.
  path: Assets/Route.cs
  artifactKey: Guid(d1a7b7ce75bf323449bc2efbd9a95129) Importer(815301076,1909f56bfc062723c751e8b465ee728b)
Start importing Assets/Route.cs using Guid(d1a7b7ce75bf323449bc2efbd9a95129) Importer(815301076,1909f56bfc062723c751e8b465ee728b)  -> (artifact id: 'a162ede93b21151df6ddbcd3597fd547') in 0.001782 seconds
Number of updated asset objects reloaded before import = 0
Number of asset objects unloaded after import = 0
========================================================================
Received Import Request.
  Time since last request: 64.682785 seconds.
  path: Assets/Route.cs
  artifactKey: Guid(d1a7b7ce75bf323449bc2efbd9a95129) Importer(815301076,1909f56bfc062723c751e8b465ee728b)
Start importing Assets/Route.cs using Guid(d1a7b7ce75bf323449bc2efbd9a95129) Importer(815301076,1909f56bfc062723c751e8b465ee728b)  -> (artifact id: 'ee734c5a98f85b3a419a9aab2304bcae') in 0.001632 seconds
Number of updated asset objects reloaded before import = 0
Number of asset objects unloaded after import = 0
========================================================================
Received Import Request.
  Time since last request: 153.611822 seconds.
  path: Assets/Route.cs
  artifactKey: Guid(d1a7b7ce75bf323449bc2efbd9a95129) Importer(815301076,1909f56bfc062723c751e8b465ee728b)
Start importing Assets/Route.cs using Guid(d1a7b7ce75bf323449bc2efbd9a95129) Importer(815301076,1909f56bfc062723c751e8b465ee728b)  -> (artifact id: '3bd2b5f848a688325efbd5bac9d4f728') in 0.001279 seconds
Number of updated asset objects reloaded before import = 0
Number of asset objects unloaded after import = 0
========================================================================
Received Import Request.
  Time since last request: 77.250441 seconds.
  path: Assets/Route.cs
  artifactKey: Guid(d1a7b7ce75bf323449bc2efbd9a95129) Importer(815301076,1909f56bfc062723c751e8b465ee728b)
Start importing Assets/Route.cs using Guid(d1a7b7ce75bf323449bc2efbd9a95129) Importer(815301076,1909f56bfc062723c751e8b465ee728b)  -> (artifact id: '11100dc8965dc289733d34006922a105') in 0.001415 seconds
Number of updated asset objects reloaded before import = 0
Number of asset objects unloaded after import = 0
========================================================================
Received Import Request.
  Time since last request: 42.201744 seconds.
  path: Assets/Route.cs
  artifactKey: Guid(d1a7b7ce75bf323449bc2efbd9a95129) Importer(815301076,1909f56bfc062723c751e8b465ee728b)
Start importing Assets/Route.cs using Guid(d1a7b7ce75bf323449bc2efbd9a95129) Importer(815301076,1909f56bfc062723c751e8b465ee728b)  -> (artifact id: 'c943729d66bd00e6d9eedcf83af8c215') in 0.001212 seconds
Number of updated asset objects reloaded before import = 0
Number of asset objects unloaded after import = 0
========================================================================
Received Import Request.
  Time since last request: 64.987204 seconds.
  path: Assets/Route.cs
  artifactKey: Guid(d1a7b7ce75bf323449bc2efbd9a95129) Importer(815301076,1909f56bfc062723c751e8b465ee728b)
Start importing Assets/Route.cs using Guid(d1a7b7ce75bf323449bc2efbd9a95129) Importer(815301076,1909f56bfc062723c751e8b465ee728b)  -> (artifact id: '07067fe417d59ce6d3f70cf237242e9d') in 0.002845 seconds
Number of updated asset objects reloaded before import = 0
Number of asset objects unloaded after import = 0
========================================================================
Received Import Request.
  Time since last request: 25.757495 seconds.
  path: Assets/Route1.cs
  artifactKey: Guid(a16452f19ca1cd94990de0ba3f0fc2cd) Importer(815301076,1909f56bfc062723c751e8b465ee728b)
Start importing Assets/Route1.cs using Guid(a16452f19ca1cd94990de0ba3f0fc2cd) Importer(815301076,1909f56bfc062723c751e8b465ee728b)  -> (artifact id: 'ab0951bd8bdd2f32cd5e2858b088dbc0') in 0.001730 seconds
Number of updated asset objects reloaded before import = 0
Number of asset objects unloaded after import = 0
========================================================================
Received Import Request.
  Time since last request: 90.633879 seconds.
  path: Assets/Route1.cs
  artifactKey: Guid(a16452f19ca1cd94990de0ba3f0fc2cd) Importer(815301076,1909f56bfc062723c751e8b465ee728b)
Start importing Assets/Route1.cs using Guid(a16452f19ca1cd94990de0ba3f0fc2cd) Importer(815301076,1909f56bfc062723c751e8b465ee728b)  -> (artifact id: '799eef1ddd4c8aafe59989c30ba87544') in 0.001133 seconds
Number of updated asset objects reloaded before import = 0
Number of asset objects unloaded after import = 0
========================================================================
Received Import Request.
  Time since last request: 453.364834 seconds.
  path: Assets/path.cs
  artifactKey: Guid(a2d75ad23ac79b249bc71204290ac971) Importer(815301076,1909f56bfc062723c751e8b465ee728b)
Start importing Assets/path.cs using Guid(a2d75ad23ac79b249bc71204290ac971) Importer(815301076,1909f56bfc062723c751e8b465ee728b)  -> (artifact id: 'cc94e389037dd0a921ac2513935c565f') in 0.000952 seconds
Number of updated asset objects reloaded before import = 0
Number of asset objects unloaded after import = 0
========================================================================
Received Import Request.
  Time since last request: 21.610027 seconds.
  path: Assets/NewBehaviourScript.cs
  artifactKey: Guid(55f2bfafd9ec72040b05f7355a38e35e) Importer(815301076,1909f56bfc062723c751e8b465ee728b)
Start importing Assets/NewBehaviourScript.cs using Guid(55f2bfafd9ec72040b05f7355a38e35e) Importer(815301076,1909f56bfc062723c751e8b465ee728b)  -> (artifact id: 'c78cae325ad2113cc131933dd6f9f628') in 0.001017 seconds
Number of updated asset objects reloaded before import = 0
Number of asset objects unloaded after import = 0
========================================================================
Received Import Request.
  Time since last request: 12.032833 seconds.
  path: Assets/PahtFollowing.cs
  artifactKey: Guid(55f2bfafd9ec72040b05f7355a38e35e) Importer(815301076,1909f56bfc062723c751e8b465ee728b)
Start importing Assets/PahtFollowing.cs using Guid(55f2bfafd9ec72040b05f7355a38e35e) Importer(815301076,1909f56bfc062723c751e8b465ee728b)  -> (artifact id: '3173bd59681d8a001cb4ba461f3e4306') in 0.000856 seconds
Number of updated asset objects reloaded before import = 0
Number of asset objects unloaded after import = 0
========================================================================
Received Import Request.
  Time since last request: 102.375126 seconds.
  path: Assets/PahtFollowing.cs
  artifactKey: Guid(55f2bfafd9ec72040b05f7355a38e35e) Importer(815301076,1909f56bfc062723c751e8b465ee728b)
Start importing Assets/PahtFollowing.cs using Guid(55f2bfafd9ec72040b05f7355a38e35e) Importer(815301076,1909f56bfc062723c751e8b465ee728b)  -> (artifact id: '40461d598ae9a7dfac240936a2cd6912') in 0.001028 seconds
Number of updated asset objects reloaded before import = 0
Number of asset objects unloaded after import = 0
========================================================================
Received Import Request.
  Time since last request: 10.686464 seconds.
  path: Assets/PathFollowing.cs
  artifactKey: Guid(55f2bfafd9ec72040b05f7355a38e35e) Importer(815301076,1909f56bfc062723c751e8b465ee728b)
Start importing Assets/PathFollowing.cs using Guid(55f2bfafd9ec72040b05f7355a38e35e) Importer(815301076,1909f56bfc062723c751e8b465ee728b)  -> (artifact id: '136373a1354f518c9c138aa199dade20') in 0.000949 seconds
Number of updated asset objects reloaded before import = 0
Number of asset objects unloaded after import = 0
========================================================================
Received Import Request.
  Time since last request: 54.401882 seconds.
  path: Assets/PathFollwong.cs
  artifactKey: Guid(33621a477034a1c42a5947e7dc934a4f) Importer(815301076,1909f56bfc062723c751e8b465ee728b)
Start importing Assets/PathFollwong.cs using Guid(33621a477034a1c42a5947e7dc934a4f) Importer(815301076,1909f56bfc062723c751e8b465ee728b)  -> (artifact id: 'aab418e6244ea84e8545f64482f5b7bd') in 0.001660 seconds
Number of updated asset objects reloaded before import = 0
Number of asset objects unloaded after import = 0
